This is pdfTeX, Version 3.14159265-2.6-1.40.17 (TeX Live 2016) (preloaded format=pdflatex 2016.10.4)  6 MAR 2017 15:52
entering extended mode
 restricted \write18 enabled.
 %&-line parsing enabled.
**ExpressReservation.tex
(./ExpressReservation.tex
LaTeX2e <2016/03/31> patch level 3
Babel <3.9r> and hyphenation patterns for 83 language(s) loaded.
(/usr/local/texlive/2016/texmf-dist/tex/latex/base/article.cls
Document Class: article 2014/09/29 v1.4h Standard LaTeX document class
(/usr/local/texlive/2016/texmf-dist/tex/latex/base/size10.clo
File: size10.clo 2014/09/29 v1.4h Standard LaTeX file (size option)
)
\c@part=\count79
\c@section=\count80
\c@subsection=\count81
\c@subsubsection=\count82
\c@paragraph=\count83
\c@subparagraph=\count84
\c@figure=\count85
\c@table=\count86
\abovecaptionskip=\skip41
\belowcaptionskip=\skip42
\bibindent=\dimen102
)
(/usr/local/texlive/2016/texmf-dist/tex/latex/preprint/fullpage.sty
Package: fullpage 1999/02/23 1.1 (PWD)
\FP@margin=\skip43
)
(/usr/local/texlive/2016/texmf-dist/tex/latex/vdmlisting/vdmlisting.sty
(/usr/local/texlive/2016/texmf-dist/tex/latex/listings/listings.sty
(/usr/local/texlive/2016/texmf-dist/tex/latex/graphics/keyval.sty
Package: keyval 2014/10/28 v1.15 key=value parser (DPC)
\KV@toks@=\toks14
)
\lst@mode=\count87
\lst@gtempboxa=\box26
\lst@token=\toks15
\lst@length=\count88
\lst@currlwidth=\dimen103
\lst@column=\count89
\lst@pos=\count90
\lst@lostspace=\dimen104
\lst@width=\dimen105
\lst@newlines=\count91
\lst@lineno=\count92
\lst@maxwidth=\dimen106

(/usr/local/texlive/2016/texmf-dist/tex/latex/listings/lstmisc.sty
File: lstmisc.sty 2015/06/04 1.6 (Carsten Heinz)
\c@lstnumber=\count93
\lst@skipnumbers=\count94
\lst@framebox=\box27
)
(/usr/local/texlive/2016/texmf-dist/tex/latex/listings/listings.cfg
File: listings.cfg 2015/06/04 1.6 listings configuration
))
Package: listings 2015/06/04 1.6 (Carsten Heinz)

(/usr/local/texlive/2016/texmf-dist/tex/latex/psnfss/times.sty
Package: times 2005/04/12 PSNFSS-v9.2a (SPQR) 
)
(/usr/local/texlive/2016/texmf-dist/tex/latex/graphics/color.sty
Package: color 2016/07/10 v1.1e Standard LaTeX Color (DPC)

(/usr/local/texlive/2016/texmf-dist/tex/latex/graphics-cfg/color.cfg
File: color.cfg 2016/01/02 v1.6 sample color configuration
)
Package color Info: Driver file: pdftex.def on input line 147.

(/usr/local/texlive/2016/texmf-dist/tex/latex/graphics-def/pdftex.def
File: pdftex.def 2016/07/10 v0.06j Graphics/color for pdfTeX

(/usr/local/texlive/2016/texmf-dist/tex/generic/oberdiek/infwarerr.sty
Package: infwarerr 2016/05/16 v1.4 Providing info/warning/error messages (HO)
)
(/usr/local/texlive/2016/texmf-dist/tex/generic/oberdiek/ltxcmds.sty
Package: ltxcmds 2016/05/16 v1.23 LaTeX kernel commands for general use (HO)
)
\Gread@gobject=\count95
)))
Package: vdmlisting 2015/06/04 1.6 (Kenneth Lausdahl)

(/usr/local/texlive/2016/texmf-dist/tex/latex/hyperref/hyperref.sty
Package: hyperref 2016/06/24 v6.83q Hypertext links for LaTeX

(/usr/local/texlive/2016/texmf-dist/tex/generic/oberdiek/hobsub-hyperref.sty
Package: hobsub-hyperref 2016/05/16 v1.14 Bundle oberdiek, subset hyperref (HO)


(/usr/local/texlive/2016/texmf-dist/tex/generic/oberdiek/hobsub-generic.sty
Package: hobsub-generic 2016/05/16 v1.14 Bundle oberdiek, subset generic (HO)
Package: hobsub 2016/05/16 v1.14 Construct package bundles (HO)
Package hobsub Info: Skipping package `infwarerr' (already loaded).
Package hobsub Info: Skipping package `ltxcmds' (already loaded).
Package: ifluatex 2016/05/16 v1.4 Provides the ifluatex switch (HO)
Package ifluatex Info: LuaTeX not detected.
Package: ifvtex 2016/05/16 v1.6 Detect VTeX and its facilities (HO)
Package ifvtex Info: VTeX not detected.
Package: intcalc 2016/05/16 v1.2 Expandable calculations with integers (HO)
Package: ifpdf 2016/05/14 v3.1 Provides the ifpdf switch
Package: etexcmds 2016/05/16 v1.6 Avoid name clashes with e-TeX commands (HO)
Package etexcmds Info: Could not find \expanded.
(etexcmds)             That can mean that you are not using pdfTeX 1.50 or
(etexcmds)             that some package has redefined \expanded.
(etexcmds)             In the latter case, load this package earlier.
Package: kvsetkeys 2016/05/16 v1.17 Key value parser (HO)
Package: kvdefinekeys 2016/05/16 v1.4 Define keys (HO)
Package: pdftexcmds 2016/05/21 v0.22 Utility functions of pdfTeX for LuaTeX (HO
)
Package pdftexcmds Info: LuaTeX not detected.
Package pdftexcmds Info: \pdf@primitive is available.
Package pdftexcmds Info: \pdf@ifprimitive is available.
Package pdftexcmds Info: \pdfdraftmode found.
Package: pdfescape 2016/05/16 v1.14 Implements pdfTeX's escape features (HO)
Package: bigintcalc 2016/05/16 v1.4 Expandable calculations on big integers (HO
)
Package: bitset 2016/05/16 v1.2 Handle bit-vector datatype (HO)
Package: uniquecounter 2016/05/16 v1.3 Provide unlimited unique counter (HO)
)
Package hobsub Info: Skipping package `hobsub' (already loaded).
Package: letltxmacro 2016/05/16 v1.5 Let assignment for LaTeX macros (HO)
Package: hopatch 2016/05/16 v1.3 Wrapper for package hooks (HO)
Package: xcolor-patch 2016/05/16 xcolor patch
Package: atveryend 2016/05/16 v1.9 Hooks at the very end of document (HO)
Package atveryend Info: \enddocument detected (standard20110627).
Package: atbegshi 2016/06/09 v1.18 At begin shipout hook (HO)
Package: refcount 2016/05/16 v3.5 Data extraction from label references (HO)
Package: hycolor 2016/05/16 v1.8 Color options for hyperref/bookmark (HO)
)
(/usr/local/texlive/2016/texmf-dist/tex/generic/ifxetex/ifxetex.sty
Package: ifxetex 2010/09/12 v0.6 Provides ifxetex conditional
)
(/usr/local/texlive/2016/texmf-dist/tex/latex/oberdiek/auxhook.sty
Package: auxhook 2016/05/16 v1.4 Hooks for auxiliary files (HO)
)
(/usr/local/texlive/2016/texmf-dist/tex/latex/oberdiek/kvoptions.sty
Package: kvoptions 2016/05/16 v3.12 Key value format for package options (HO)
)
\@linkdim=\dimen107
\Hy@linkcounter=\count96
\Hy@pagecounter=\count97

(/usr/local/texlive/2016/texmf-dist/tex/latex/hyperref/pd1enc.def
File: pd1enc.def 2016/06/24 v6.83q Hyperref: PDFDocEncoding definition (HO)
)
\Hy@SavedSpaceFactor=\count98

(/usr/local/texlive/2016/texmf-dist/tex/latex/latexconfig/hyperref.cfg
File: hyperref.cfg 2002/06/06 v1.2 hyperref configuration of TeXLive
)
Package hyperref Info: Hyper figures OFF on input line 4486.
Package hyperref Info: Link nesting OFF on input line 4491.
Package hyperref Info: Hyper index ON on input line 4494.
Package hyperref Info: Plain pages OFF on input line 4501.
Package hyperref Info: Backreferencing OFF on input line 4506.
Package hyperref Info: Implicit mode ON; LaTeX internals redefined.
Package hyperref Info: Bookmarks ON on input line 4735.
\c@Hy@tempcnt=\count99

(/usr/local/texlive/2016/texmf-dist/tex/latex/url/url.sty
\Urlmuskip=\muskip10
Package: url 2013/09/16  ver 3.4  Verb mode for urls, etc.
)
LaTeX Info: Redefining \url on input line 5088.
\XeTeXLinkMargin=\dimen108
\Fld@menulength=\count100
\Field@Width=\dimen109
\Fld@charsize=\dimen110
Package hyperref Info: Hyper figures OFF on input line 6342.
Package hyperref Info: Link nesting OFF on input line 6347.
Package hyperref Info: Hyper index ON on input line 6350.
Package hyperref Info: backreferencing OFF on input line 6357.
Package hyperref Info: Link coloring OFF on input line 6362.
Package hyperref Info: Link coloring with OCG OFF on input line 6367.
Package hyperref Info: PDF/A mode OFF on input line 6372.
LaTeX Info: Redefining \ref on input line 6412.
LaTeX Info: Redefining \pageref on input line 6416.
\Hy@abspage=\count101
\c@Item=\count102
\c@Hfootnote=\count103
)

Package hyperref Message: Driver (autodetected): hpdftex.

(/usr/local/texlive/2016/texmf-dist/tex/latex/hyperref/hpdftex.def
File: hpdftex.def 2016/06/24 v6.83q Hyperref driver for pdfTeX
\Fld@listcount=\count104
\c@bookmark@seq@number=\count105

(/usr/local/texlive/2016/texmf-dist/tex/latex/oberdiek/rerunfilecheck.sty
Package: rerunfilecheck 2016/05/16 v1.8 Rerun checks for auxiliary files (HO)
Package uniquecounter Info: New unique counter `rerunfilecheck' on input line 2
82.
)
\Hy@SectionHShift=\skip44
)
(/usr/local/texlive/2016/texmf-dist/tex/latex/tools/longtable.sty
Package: longtable 2014/10/28 v4.11 Multi-page Table package (DPC)
\LTleft=\skip45
\LTright=\skip46
\LTpre=\skip47
\LTpost=\skip48
\LTchunksize=\count106
\LTcapwidth=\dimen111
\LT@head=\box28
\LT@firsthead=\box29
\LT@foot=\box30
\LT@lastfoot=\box31
\LT@cols=\count107
\LT@rows=\count108
\c@LT@tables=\count109
\c@LT@chunks=\count110
\LT@p@ftn=\toks16
)
(./ExpressReservation.aux)
\openout1 = `ExpressReservation.aux'.

LaTeX Font Info:    Checking defaults for OML/cmm/m/it on input line 6.
LaTeX Font Info:    ... okay on input line 6.
LaTeX Font Info:    Checking defaults for T1/cmr/m/n on input line 6.
LaTeX Font Info:    ... okay on input line 6.
LaTeX Font Info:    Checking defaults for OT1/cmr/m/n on input line 6.
LaTeX Font Info:    ... okay on input line 6.
LaTeX Font Info:    Checking defaults for OMS/cmsy/m/n on input line 6.
LaTeX Font Info:    ... okay on input line 6.
LaTeX Font Info:    Checking defaults for OMX/cmex/m/n on input line 6.
LaTeX Font Info:    ... okay on input line 6.
LaTeX Font Info:    Checking defaults for U/cmr/m/n on input line 6.
LaTeX Font Info:    ... okay on input line 6.
LaTeX Font Info:    Checking defaults for PD1/pdf/m/n on input line 6.
LaTeX Font Info:    ... okay on input line 6.
LaTeX Font Info:    Try loading font information for OT1+ptm on input line 6.

(/usr/local/texlive/2016/texmf-dist/tex/latex/psnfss/ot1ptm.fd
File: ot1ptm.fd 2001/06/04 font definitions for OT1/ptm.
)
\c@lstlisting=\count111

(/usr/local/texlive/2016/texmf-dist/tex/context/base/mkii/supp-pdf.mkii
[Loading MPS to PDF converter (version 2006.09.02).]
\scratchcounter=\count112
\scratchdimen=\dimen112
\scratchbox=\box32
\nofMPsegments=\count113
\nofMParguments=\count114
\everyMPshowfont=\toks17
\MPscratchCnt=\count115
\MPscratchDim=\dimen113
\MPnumerator=\count116
\makeMPintoPDFobject=\count117
\everyMPtoPDFconversion=\toks18
)
\AtBeginShipoutBox=\box33
Package hyperref Info: Link coloring OFF on input line 6.
 (/usr/local/texlive/2016/texmf-dist/tex/latex/hyperref/nameref.sty
Package: nameref 2016/05/21 v2.44 Cross-referencing by name of section

(/usr/local/texlive/2016/texmf-dist/tex/generic/oberdiek/gettitlestring.sty
Package: gettitlestring 2016/05/16 v1.5 Cleanup title references (HO)
)
\c@section@level=\count118
)
LaTeX Info: Redefining \ref on input line 6.
LaTeX Info: Redefining \pageref on input line 6.
LaTeX Info: Redefining \nameref on input line 6.

(./ExpressReservation.out) (./ExpressReservation.out)
\@outlinefile=\write3
\openout3 = `ExpressReservation.out'.

LaTeX Font Info:    External font `cmex10' loaded for size
(Font)              <12> on input line 10.
LaTeX Font Info:    External font `cmex10' loaded for size
(Font)              <8> on input line 10.
LaTeX Font Info:    External font `cmex10' loaded for size
(Font)              <6> on input line 10.
LaTeX Font Info:    Font shape `OT1/ptm/bx/n' in size <14.4> not available
(Font)              Font shape `OT1/ptm/b/n' tried instead on input line 10.
 (./ExpressReservation.toc
LaTeX Font Info:    Font shape `OT1/ptm/bx/n' in size <10> not available
(Font)              Font shape `OT1/ptm/b/n' tried instead on input line 1.
)
\tf@toc=\write4
\openout4 = `ExpressReservation.toc'.

 (./specification/CT.vdmpp.tex
LaTeX Font Info:    Try loading font information for OT1+pcr on input line 1.

(/usr/local/texlive/2016/texmf-dist/tex/latex/psnfss/ot1pcr.fd
File: ot1pcr.fd 2001/06/04 font definitions for OT1/pcr.
)
LaTeX Font Info:    Font shape `OT1/pcr/bx/n' in size <8> not available
(Font)              Font shape `OT1/pcr/b/n' tried instead on input line 2.
Missing character: There is no Á in font pcrr7t!
Missing character: There is no â in font pcrr7t!
Missing character: There is no π in font pcrr7t!
Missing character: There is no Ê in font pcrr7t!
Missing character: There is no Ä in font pcrr7t!
Missing character: There is no • in font pcrr7t!
Missing character: There is no Â in font pcrr7t!
Missing character: There is no à in font pcrr7t!
Missing character: There is no ∏ in font pcrr7t!
Missing character: There is no ‰ in font pcrr7t!
Missing character: There is no ∫ in font pcrr7t!
Missing character: There is no à in font pcrr7t!
Missing character: There is no Á in font pcrr7t!
Missing character: There is no ¥ in font pcrr7t!
Missing character: There is no Ñ in font pcrr7t!
Missing character: There is no „ in font pcrr7t!
Missing character: There is no Ç in font pcrr7t!
Missing character: There is no ∑ in font pcrr7t!
Missing character: There is no „ in font pcrr7t!
Missing character: There is no Ç in font pcrr7t!
Missing character: There is no π in font pcrr7t!
Missing character: There is no „ in font pcrr7t!
Missing character: There is no É in font pcrr7t!
Missing character: There is no Ü in font pcrr7t!
Missing character: There is no „ in font pcrr7t!
Missing character: There is no É in font pcrr7t!
Missing character: There is no † in font pcrr7t!
Missing character: There is no Á in font pcrr7t!
Missing character: There is no â in font pcrr7t!
Missing character: There is no π in font pcrr7t!
Missing character: There is no Ê in font pcrr7t!
Missing character: There is no Ä in font pcrr7t!
Missing character: There is no • in font pcrr7t!
Missing character: There is no Â in font pcrr7t!
Missing character: There is no à in font pcrr7t!
Missing character: There is no ∏ in font pcrr7t!
Missing character: There is no ‰ in font pcrr7t!
Missing character: There is no ∫ in font pcrr7t!
Missing character: There is no à in font pcrr7t!
Missing character: There is no Á in font pcrr7t!
Missing character: There is no ¥ in font pcrr7t!
Missing character: There is no Ñ in font pcrr7t!
Missing character: There is no „ in font pcrr7t!
Missing character: There is no Ç in font pcrr7t!
Missing character: There is no ∑ in font pcrr7t!
Missing character: There is no „ in font pcrr7t!
Missing character: There is no Ç in font pcrr7t!
Missing character: There is no π in font pcrr7t!
Missing character: There is no „ in font pcrr7t!
Missing character: There is no É in font pcrr7t!
Missing character: There is no Ü in font pcrr7t!
Missing character: There is no „ in font pcrr7t!
Missing character: There is no É in font pcrr7t!
Missing character: There is no † in font pcrr7t!
Missing character: There is no „ in font pcrr7t!
Missing character: There is no Ç in font pcrr7t!
Missing character: There is no Ø in font pcrr7t!
Missing character: There is no „ in font pcrr7t!
Missing character: There is no É in font pcrr7t!
Missing character: There is no ¨ in font pcrr7t!
Missing character: There is no „ in font pcrr7t!
Missing character: There is no Ç in font pcrr7t!
Missing character: There is no ∏ in font pcrr7t!
Missing character: There is no „ in font pcrr7t!
Missing character: There is no É in font pcrr7t!
Missing character: There is no É in font pcrr7t!
Missing character: There is no „ in font pcrr7t!
Missing character: There is no É in font pcrr7t!
Missing character: There is no à in font pcrr7t!
Missing character: There is no „ in font pcrr7t!
Missing character: There is no Ç in font pcrr7t!
Missing character: There is no ´ in font pcrr7t!
Missing character: There is no „ in font pcrr7t!
Missing character: There is no É in font pcrr7t!
Missing character: There is no º in font pcrr7t!
Missing character: There is no „ in font pcrr7t!
Missing character: There is no É in font pcrr7t!
Missing character: There is no â in font pcrr7t!
Missing character: There is no „ in font pcrr7t!
Missing character: There is no Ç in font pcrr7t!
Missing character: There is no Ø in font pcrr7t!
Missing character: There is no „ in font pcrr7t!
Missing character: There is no É in font pcrr7t!
Missing character: There is no ¨ in font pcrr7t!
Missing character: There is no „ in font pcrr7t!
Missing character: There is no Ç in font pcrr7t!
Missing character: There is no ∏ in font pcrr7t!
Missing character: There is no „ in font pcrr7t!
Missing character: There is no É in font pcrr7t!
Missing character: There is no É in font pcrr7t!
Missing character: There is no „ in font pcrr7t!
Missing character: There is no É in font pcrr7t!
Missing character: There is no à in font pcrr7t!
Missing character: There is no „ in font pcrr7t!
Missing character: There is no Ç in font pcrr7t!
Missing character: There is no ´ in font pcrr7t!
Missing character: There is no „ in font pcrr7t!
Missing character: There is no É in font pcrr7t!
Missing character: There is no º in font pcrr7t!
Missing character: There is no „ in font pcrr7t!
Missing character: There is no É in font pcrr7t!
Missing character: There is no â in font pcrr7t!
Missing character: There is no „ in font pcrr7t!
Missing character: There is no Ç in font pcrr7t!
Missing character: There is no Ø in font pcrr7t!
Missing character: There is no „ in font pcrr7t!
Missing character: There is no É in font pcrr7t!
Missing character: There is no ¨ in font pcrr7t!
Missing character: There is no „ in font pcrr7t!
Missing character: There is no Ç in font pcrr7t!
Missing character: There is no ∏ in font pcrr7t!
Missing character: There is no „ in font pcrr7t!
Missing character: There is no É in font pcrr7t!
Missing character: There is no É in font pcrr7t!
Missing character: There is no „ in font pcrr7t!
Missing character: There is no É in font pcrr7t!
Missing character: There is no à in font pcrr7t!
Missing character: There is no „ in font pcrr7t!
Missing character: There is no Ç in font pcrr7t!
Missing character: There is no Ø in font pcrr7t!
Missing character: There is no „ in font pcrr7t!
Missing character: There is no É in font pcrr7t!
Missing character: There is no ¨ in font pcrr7t!
Missing character: There is no „ in font pcrr7t!
Missing character: There is no Ç in font pcrr7t!
Missing character: There is no ∏ in font pcrr7t!
Missing character: There is no „ in font pcrr7t!
Missing character: There is no É in font pcrr7t!
Missing character: There is no É in font pcrr7t!
Missing character: There is no „ in font pcrr7t!
Missing character: There is no É in font pcrr7t!
Missing character: There is no à in font pcrr7t!
Missing character: There is no „ in font pcrr7t!
Missing character: There is no Å in font pcrr7t!
Missing character: There is no „ in font pcrr7t!
Missing character: There is no Ç in font pcrr7t!
Missing character: There is no µ in font pcrr7t!
Missing character: There is no „ in font pcrr7t!
Missing character: There is no Ç in font pcrr7t!
Missing character: There is no § in font pcrr7t!
Missing character: There is no „ in font pcrr7t!
Missing character: There is no É in font pcrr7t!
Missing character: There is no ï in font pcrr7t!
Missing character: There is no „ in font pcrr7t!
Missing character: There is no Ç in font pcrr7t!
Missing character: There is no ± in font pcrr7t!
Missing character: There is no „ in font pcrr7t!
Missing character: There is no É in font pcrr7t!
Missing character: There is no º in font pcrr7t!
Missing character: There is no „ in font pcrr7t!
Missing character: There is no Ç in font pcrr7t!
Missing character: There is no ø in font pcrr7t!
Missing character: There is no „ in font pcrr7t!
Missing character: There is no Ç in font pcrr7t!
Missing character: There is no § in font pcrr7t!
Missing character: There is no „ in font pcrr7t!
Missing character: There is no Å in font pcrr7t!
Missing character: There is no „ in font pcrr7t!
Missing character: There is no Ç in font pcrr7t!
Missing character: There is no µ in font pcrr7t!
Missing character: There is no „ in font pcrr7t!
Missing character: There is no Ç in font pcrr7t!
Missing character: There is no § in font pcrr7t!
Missing character: There is no „ in font pcrr7t!
Missing character: There is no É in font pcrr7t!
Missing character: There is no ï in font pcrr7t!
Missing character: There is no „ in font pcrr7t!
Missing character: There is no Ç in font pcrr7t!
Missing character: There is no ± in font pcrr7t!
Missing character: There is no „ in font pcrr7t!
Missing character: There is no É in font pcrr7t!
Missing character: There is no º in font pcrr7t!
Missing character: There is no „ in font pcrr7t!
Missing character: There is no Ç in font pcrr7t!
Missing character: There is no ø in font pcrr7t!
Missing character: There is no „ in font pcrr7t!
Missing character: There is no Ç in font pcrr7t!
Missing character: There is no § in font pcrr7t!
Missing character: There is no „ in font pcrr7t!
Missing character: There is no Å in font pcrr7t!
Missing character: There is no „ in font pcrr7t!
Missing character: There is no Ç in font pcrr7t!
Missing character: There is no µ in font pcrr7t!
Missing character: There is no „ in font pcrr7t!
Missing character: There is no Ç in font pcrr7t!
Missing character: There is no § in font pcrr7t!
Missing character: There is no „ in font pcrr7t!
Missing character: There is no É in font pcrr7t!
Missing character: There is no ï in font pcrr7t!
Missing character: There is no „ in font pcrr7t!
Missing character: There is no Ç in font pcrr7t!
Missing character: There is no ± in font pcrr7t!
Missing character: There is no „ in font pcrr7t!
Missing character: There is no É in font pcrr7t!
Missing character: There is no º in font pcrr7t!
Missing character: There is no „ in font pcrr7t!
Missing character: There is no Ç in font pcrr7t!
Missing character: There is no ø in font pcrr7t!
Missing character: There is no „ in font pcrr7t!
Missing character: There is no Ç in font pcrr7t!
Missing character: There is no § in font pcrr7t!
Missing character: There is no „ in font pcrr7t!
Missing character: There is no Ç in font pcrr7t!
Missing character: There is no Ø in font pcrr7t!
Missing character: There is no „ in font pcrr7t!
Missing character: There is no É in font pcrr7t!
Missing character: There is no ¨ in font pcrr7t!
Missing character: There is no „ in font pcrr7t!
Missing character: There is no Ç in font pcrr7t!
Missing character: There is no ∏ in font pcrr7t!
Missing character: There is no „ in font pcrr7t!
Missing character: There is no É in font pcrr7t!
Missing character: There is no É in font pcrr7t!
Missing character: There is no „ in font pcrr7t!
Missing character: There is no É in font pcrr7t!
Missing character: There is no à in font pcrr7t!
Missing character: There is no „ in font pcrr7t!
Missing character: There is no Ç in font pcrr7t!
Missing character: There is no ´ in font pcrr7t!
Missing character: There is no „ in font pcrr7t!
Missing character: There is no É in font pcrr7t!
Missing character: There is no º in font pcrr7t!
Missing character: There is no „ in font pcrr7t!
Missing character: There is no É in font pcrr7t!
Missing character: There is no â in font pcrr7t!
Missing character: There is no ‰ in font pcrr7t!
Missing character: There is no º in font pcrr7t!
Missing character: There is no ö in font pcrr7t!
Missing character: There is no Â in font pcrr7t!
Missing character: There is no ì in font pcrr7t!
Missing character: There is no ° in font pcrr7t!
Missing character: There is no Ë in font pcrr7t!
Missing character: There is no ® in font pcrr7t!
Missing character: There is no º in font pcrr7t!
Missing character: There is no ‰ in font pcrr7t!
Missing character: There is no ∫ in font pcrr7t!
Missing character: There is no à in font pcrr7t!
Missing character: There is no Á in font pcrr7t!
Missing character: There is no ¥ in font pcrr7t!
Missing character: There is no Ñ in font pcrr7t!
Missing character: There is no ‰ in font pcrr7t!
Missing character: There is no º in font pcrr7t!
Missing character: There is no ö in font pcrr7t!
Missing character: There is no Â in font pcrr7t!
Missing character: There is no ì in font pcrr7t!
Missing character: There is no ° in font pcrr7t!
Missing character: There is no Ë in font pcrr7t!
Missing character: There is no ® in font pcrr7t!
Missing character: There is no º in font pcrr7t!
Missing character: There is no ‰ in font pcrr7t!
Missing character: There is no º in font pcrr7t!
Missing character: There is no ö in font pcrr7t!
Missing character: There is no Â in font pcrr7t!
Missing character: There is no ì in font pcrr7t!
Missing character: There is no ° in font pcrr7t!
Missing character: There is no Ë in font pcrr7t!
Missing character: There is no ® in font pcrr7t!
Missing character: There is no º in font pcrr7t!
Missing character: There is no ‰ in font pcrr7t!
Missing character: There is no º in font pcrr7t!
Missing character: There is no ö in font pcrr7t!
Missing character: There is no Â in font pcrr7t!
Missing character: There is no ì in font pcrr7t!
Missing character: There is no ° in font pcrr7t!
Missing character: There is no Ë in font pcrr7t!
Missing character: There is no ® in font pcrr7t!
Missing character: There is no º in font pcrr7t!
Missing character: There is no „ in font pcrr7t!
Missing character: There is no Ç in font pcrr7t!
Missing character: There is no Ø in font pcrr7t!
Missing character: There is no „ in font pcrr7t!
Missing character: There is no É in font pcrr7t!
Missing character: There is no ¨ in font pcrr7t!
Missing character: There is no „ in font pcrr7t!
Missing character: There is no Ç in font pcrr7t!
Missing character: There is no ∏ in font pcrr7t!
Missing character: There is no „ in font pcrr7t!
Missing character: There is no É in font pcrr7t!
Missing character: There is no É in font pcrr7t!
Missing character: There is no „ in font pcrr7t!
Missing character: There is no É in font pcrr7t!
Missing character: There is no à in font pcrr7t!
Missing character: There is no „ in font pcrr7t!
Missing character: There is no Ç in font pcrr7t!
Missing character: There is no ´ in font pcrr7t!
Missing character: There is no „ in font pcrr7t!
Missing character: There is no É in font pcrr7t!
Missing character: There is no º in font pcrr7t!
Missing character: There is no „ in font pcrr7t!
Missing character: There is no É in font pcrr7t!
Missing character: There is no â in font pcrr7t!
Missing character: There is no Â in font pcrr7t!
Missing character: There is no • in font pcrr7t!
Missing character: There is no ë in font pcrr7t!
Missing character: There is no Á in font pcrr7t!
Missing character: There is no ¥ in font pcrr7t!
Missing character: There is no Ñ in font pcrr7t!
Missing character: There is no Â in font pcrr7t!
Missing character: There is no • in font pcrr7t!
Missing character: There is no ë in font pcrr7t!
Missing character: There is no Á in font pcrr7t!
Missing character: There is no ¥ in font pcrr7t!
Missing character: There is no Ñ in font pcrr7t!
Missing character: There is no „ in font pcrr7t!
Missing character: There is no Å in font pcrr7t!
Missing character: There is no „ in font pcrr7t!
Missing character: There is no Ç in font pcrr7t!
Missing character: There is no µ in font pcrr7t!
Missing character: There is no „ in font pcrr7t!
Missing character: There is no Ç in font pcrr7t!
Missing character: There is no § in font pcrr7t!
Missing character: There is no „ in font pcrr7t!
Missing character: There is no É in font pcrr7t!
Missing character: There is no ï in font pcrr7t!
Missing character: There is no „ in font pcrr7t!
Missing character: There is no Ç in font pcrr7t!
Missing character: There is no ± in font pcrr7t!
Missing character: There is no „ in font pcrr7t!
Missing character: There is no É in font pcrr7t!
Missing character: There is no º in font pcrr7t!
Missing character: There is no „ in font pcrr7t!
Missing character: There is no Ç in font pcrr7t!
Missing character: There is no ø in font pcrr7t!
Missing character: There is no „ in font pcrr7t!
Missing character: There is no Ç in font pcrr7t!
Missing character: There is no § in font pcrr7t!
Missing character: There is no ‰ in font pcrr7t!
Missing character: There is no º in font pcrr7t!
Missing character: There is no ö in font pcrr7t!
Missing character: There is no Â in font pcrr7t!
Missing character: There is no ì in font pcrr7t!
Missing character: There is no ° in font pcrr7t!
Missing character: There is no Ë in font pcrr7t!
Missing character: There is no ® in font pcrr7t!
Missing character: There is no º in font pcrr7t!
Missing character: There is no „ in font pcrr7t!
Missing character: There is no Ç in font pcrr7t!
Missing character: There is no ∑ in font pcrr7t!
Missing character: There is no „ in font pcrr7t!
Missing character: There is no Ç in font pcrr7t!
Missing character: There is no π in font pcrr7t!
Missing character: There is no „ in font pcrr7t!
Missing character: There is no É in font pcrr7t!
Missing character: There is no Ü in font pcrr7t!
Missing character: There is no „ in font pcrr7t!
Missing character: There is no É in font pcrr7t!
Missing character: There is no † in font pcrr7t!
Missing character: There is no Á in font pcrr7t!
Missing character: There is no â in font pcrr7t!
Missing character: There is no π in font pcrr7t!
Missing character: There is no Ê in font pcrr7t!
Missing character: There is no Ä in font pcrr7t!
Missing character: There is no • in font pcrr7t!
Missing character: There is no Â in font pcrr7t!
Missing character: There is no à in font pcrr7t!
Missing character: There is no ∏ in font pcrr7t!
Missing character: There is no ‰ in font pcrr7t!
Missing character: There is no ∫ in font pcrr7t!
Missing character: There is no à in font pcrr7t!
Missing character: There is no Á in font pcrr7t!
Missing character: There is no ¥ in font pcrr7t!
Missing character: There is no Ñ in font pcrr7t!
Missing character: There is no „ in font pcrr7t!
Missing character: There is no Ç in font pcrr7t!
Missing character: There is no ∑ in font pcrr7t!
Missing character: There is no „ in font pcrr7t!
Missing character: There is no Ç in font pcrr7t!
Missing character: There is no π in font pcrr7t!
Missing character: There is no „ in font pcrr7t!
Missing character: There is no É in font pcrr7t!
Missing character: There is no Ü in font pcrr7t!
Missing character: There is no „ in font pcrr7t!
Missing character: There is no É in font pcrr7t!
Missing character: There is no † in font pcrr7t!
Missing character: There is no „ in font pcrr7t!
Missing character: There is no Ç in font pcrr7t!
Missing character: There is no ∑ in font pcrr7t!
Missing character: There is no „ in font pcrr7t!
Missing character: There is no Ç in font pcrr7t!
Missing character: There is no π in font pcrr7t!
Missing character: There is no „ in font pcrr7t!
Missing character: There is no É in font pcrr7t!
Missing character: There is no Ü in font pcrr7t!
Missing character: There is no „ in font pcrr7t!
Missing character: There is no É in font pcrr7t!
Missing character: There is no † in font pcrr7t!
Missing character: There is no ‰ in font pcrr7t!
Missing character: There is no ∫ in font pcrr7t!
Missing character: There is no à in font pcrr7t!
Missing character: There is no Á in font pcrr7t!
Missing character: There is no ¥ in font pcrr7t!
Missing character: There is no Ñ in font pcrr7t!
Missing character: There is no „ in font pcrr7t!
Missing character: There is no Å in font pcrr7t!
Missing character: There is no ô in font pcrr7t!
Missing character: There is no „ in font pcrr7t!
Missing character: There is no Ç in font pcrr7t!
Missing character: There is no ã in font pcrr7t!
Missing character: There is no Â in font pcrr7t!
Missing character: There is no • in font pcrr7t!
Missing character: There is no ë in font pcrr7t!
Missing character: There is no Á in font pcrr7t!
Missing character: There is no ¥ in font pcrr7t!
Missing character: There is no Ñ in font pcrr7t!
Missing character: There is no ‰ in font pcrr7t!
Missing character: There is no ∫ in font pcrr7t!
Missing character: There is no à in font pcrr7t!
Missing character: There is no Á in font pcrr7t!
Missing character: There is no ¥ in font pcrr7t!
Missing character: There is no Ñ in font pcrr7t!
Missing character: There is no „ in font pcrr7t!
Missing character: There is no Å in font pcrr7t!
Missing character: There is no „ in font pcrr7t!
Missing character: There is no Ç in font pcrr7t!
Missing character: There is no µ in font pcrr7t!
Missing character: There is no „ in font pcrr7t!
Missing character: There is no Ç in font pcrr7t!
Missing character: There is no § in font pcrr7t!
Missing character: There is no „ in font pcrr7t!
Missing character: There is no É in font pcrr7t!
Missing character: There is no ï in font pcrr7t!
Missing character: There is no „ in font pcrr7t!
Missing character: There is no Ç in font pcrr7t!
Missing character: There is no ± in font pcrr7t!
Missing character: There is no „ in font pcrr7t!
Missing character: There is no É in font pcrr7t!
Missing character: There is no º in font pcrr7t!
Missing character: There is no „ in font pcrr7t!
Missing character: There is no Ç in font pcrr7t!
Missing character: There is no ø in font pcrr7t!
Missing character: There is no „ in font pcrr7t!
Missing character: There is no Ç in font pcrr7t!
Missing character: There is no § in font pcrr7t!
Missing character: There is no „ in font pcrr7t!
Missing character: There is no Ç in font pcrr7t!
Missing character: There is no Ø in font pcrr7t!
Missing character: There is no „ in font pcrr7t!
Missing character: There is no É in font pcrr7t!
Missing character: There is no ¨ in font pcrr7t!
Missing character: There is no „ in font pcrr7t!
Missing character: There is no Ç in font pcrr7t!
Missing character: There is no ∏ in font pcrr7t!
Missing character: There is no „ in font pcrr7t!
Missing character: There is no É in font pcrr7t!
Missing character: There is no É in font pcrr7t!
Missing character: There is no „ in font pcrr7t!
Missing character: There is no É in font pcrr7t!
Missing character: There is no à in font pcrr7t!
Missing character: There is no „ in font pcrr7t!
Missing character: There is no Ç in font pcrr7t!
Missing character: There is no ´ in font pcrr7t!
Missing character: There is no „ in font pcrr7t!
Missing character: There is no É in font pcrr7t!
Missing character: There is no º in font pcrr7t!
Missing character: There is no „ in font pcrr7t!
Missing character: There is no É in font pcrr7t!
Missing character: There is no â in font pcrr7t!
Missing character: There is no „ in font pcrr7t!
Missing character: There is no Ç in font pcrr7t!
Missing character: There is no í in font pcrr7t!
Missing character: There is no Â in font pcrr7t!
Missing character: There is no æ in font pcrr7t!
Missing character: There is no ó in font pcrr7t!
Missing character: There is no „ in font pcrr7t!
Missing character: There is no Ç in font pcrr7t!
Missing character: There is no ã in font pcrr7t!
Missing character: There is no Ê in font pcrr7t!
Missing character: There is no ú in font pcrr7t!
Missing character: There is no Ä in font pcrr7t!
Missing character: There is no Â in font pcrr7t!
Missing character: There is no à in font pcrr7t!
Missing character: There is no ù in font pcrr7t!
Missing character: There is no „ in font pcrr7t!
Missing character: There is no Å in font pcrr7t!
Missing character: There is no Æ in font pcrr7t!
Missing character: There is no ‰ in font pcrr7t!
Missing character: There is no ∫ in font pcrr7t!
Missing character: There is no à in font pcrr7t!
Missing character: There is no Á in font pcrr7t!
Missing character: There is no ¥ in font pcrr7t!
Missing character: There is no Ñ in font pcrr7t!
Missing character: There is no Â in font pcrr7t!
Missing character: There is no Ü in font pcrr7t!
Missing character: There is no Ö in font pcrr7t!
Missing character: There is no Â in font pcrr7t!
Missing character: There is no Æ in font pcrr7t!
Missing character: There is no π in font pcrr7t!

Underfull \vbox (badness 10000) detected at line 28
 []

)
Package atveryend Info: Empty hook `BeforeClearDocument' on input line 15.
 [1

{/usr/local/texlive/2016/texmf-var/fonts/map/pdftex/updmap/pdftex.map}]
Package atveryend Info: Empty hook `AfterLastShipout' on input line 15.

(./ExpressReservation.aux)
Package atveryend Info: Executing hook `AtVeryEndDocument' on input line 15.
Package atveryend Info: Executing hook `AtEndAfterFileList' on input line 15.
Package rerunfilecheck Info: File `ExpressReservation.out' has not changed.
(rerunfilecheck)             Checksum: 01B65E7C028FDEB5B472CD34FC212749;37.
Package atveryend Info: Empty hook `AtVeryVeryEnd' on input line 15.
 ) 
Here is how much of TeX's memory you used:
 6454 strings out of 493013
 95531 string characters out of 6133343
 239797 words of memory out of 5000000
 9931 multiletter control sequences out of 15000+600000
 16427 words of font info for 39 fonts, out of 8000000 for 9000
 1141 hyphenation exceptions out of 8191
 33i,5n,48p,285b,1203s stack positions out of 5000i,500n,10000p,200000b,80000s
{/usr/local/texlive/2016/texmf-dist/fonts/enc/dvips/base/8r.enc}</usr/local/t
exlive/2016/texmf-dist/fonts/type1/public/amsfonts/latxfont/lcircle1.pfb></usr/
local/texlive/2016/texmf-dist/fonts/type1/urw/courier/ucrb8a.pfb></usr/local/te
xlive/2016/texmf-dist/fonts/type1/urw/courier/ucrr8a.pfb></usr/local/texlive/20
16/texmf-dist/fonts/type1/urw/times/utmb8a.pfb></usr/local/texlive/2016/texmf-d
ist/fonts/type1/urw/times/utmr8a.pfb>
Output written on ExpressReservation.pdf (1 page, 43250 bytes).
PDF statistics:
 63 PDF objects out of 1000 (max. 8388607)
 54 compressed objects within 1 object stream
 22 named destinations out of 1000 (max. 500000)
 9 words of extra memory for PDF output out of 10000 (max. 10000000)

